#
# There is insufficient memory for the Java Runtime Environment to continue.
# Native memory allocation (mmap) failed to map 65536 bytes. Error detail: Failed to commit metaspace.
# Possible reasons:
#   The system is out of physical RAM or swap space
#   This process is running with CompressedOops enabled, and the Java Heap may be blocking the growth of the native heap
# Possible solutions:
#   Reduce memory load on the system
#   Increase physical memory or swap space
#   Check if swap backing store is full
#   Decrease Java heap size (-Xmx/-Xms)
#   Decrease number of Java threads
#   Decrease Java thread stack sizes (-Xss)
#   Set larger code cache with -XX:ReservedCodeCacheSize=
#   JVM is running with Unscaled Compressed Oops mode in which the Java heap is
#     placed in the first 4GB address space. The Java Heap base address is the
#     maximum limit for the native heap growth. Please use -XX:HeapBaseMinAddress
#     to set the Java Heap base and to place the Java Heap above 4GB virtual address.
# This output file may be truncated or incomplete.
#
#  Out of Memory Error (virtualSpaceNode.cpp:113), pid=26072, tid=20080
#
# JRE version: OpenJDK Runtime Environment Corretto-21.0.6.7.1 (21.0.6+7) (build 21.0.6+7-LTS)
# Java VM: OpenJDK 64-Bit Server VM Corretto-21.0.6.7.1 (21.0.6+7-LTS, mixed mode, tiered, compressed oops, compressed class ptrs, g1 gc, windows-amd64)
# No core dump will be written. Minidumps are not enabled by default on client versions of Windows
#

---------------  S U M M A R Y ------------

Command Line: -Dorg.gradle.internal.worker.tmpdir=C:\one drive\Bureau\app de restauration pai\restau\build\tmp\test\work -Xmx512m -Dfile.encoding=windows-1252 -Duser.country=FR -Duser.language=fr -Duser.variant -ea worker.org.gradle.process.internal.worker.GradleWorkerMain 'Gradle Test Executor 1'

Host: 11th Gen Intel(R) Core(TM) i5-1135G7 @ 2.40GHz, 8 cores, 7G,  Windows 11 , 64 bit Build 22621 (10.0.22621.4974)
Time: Thu Mar 13 12:51:20 2025 Paris, Madrid elapsed time: 0.344646 seconds (0d 0h 0m 0s)

---------------  T H R E A D  ---------------

Current thread (0x0000023abaf41520):  JavaThread "main"             [_thread_in_vm, id=20080, stack(0x0000009b3fe00000,0x0000009b3ff00000) (1024K)]

Stack: [0x0000009b3fe00000,0x0000009b3ff00000]
Native frames: (J=compiled Java code, j=interpreted, Vv=VM code, C=native code)
V  [jvm.dll+0x6da5e9]
V  [jvm.dll+0x8b6b73]
V  [jvm.dll+0x8b8ece]
V  [jvm.dll+0x8b95b3]
V  [jvm.dll+0x286256]
V  [jvm.dll+0x8b27be]
V  [jvm.dll+0x67b715]
V  [jvm.dll+0x67b77a]
V  [jvm.dll+0x67df96]
V  [jvm.dll+0x67de62]
V  [jvm.dll+0x67c0ce]
V  [jvm.dll+0x27020f]
V  [jvm.dll+0x686355]
V  [jvm.dll+0x21bcec]
V  [jvm.dll+0x21c235]
V  [jvm.dll+0x21cd2b]
V  [jvm.dll+0x211b9e]
V  [jvm.dll+0x5b959b]
V  [jvm.dll+0x223407]
V  [jvm.dll+0x82ea9c]
V  [jvm.dll+0x82faa2]
V  [jvm.dll+0x830064]
V  [jvm.dll+0x82fcf8]
V  [jvm.dll+0x273bdb]
V  [jvm.dll+0x3defce]
C  0x0000023acc66b12b

The last pc belongs to new (printed below).
Java frames: (J=compiled Java code, j=interpreted, Vv=VM code)
j  java.util.HashMap$KeySet.iterator()Ljava/util/Iterator;+0 java.base@21.0.6
j  java.util.HashSet.iterator()Ljava/util/Iterator;+7 java.base@21.0.6
j  java.lang.Module.defineModules(Ljava/lang/module/Configuration;Ljava/util/function/Function;Ljava/lang/ModuleLayer;)Ljava/util/Map;+758 java.base@21.0.6
j  java.lang.ModuleLayer.<init>(Ljava/lang/module/Configuration;Ljava/util/List;Ljava/util/function/Function;)V+34 java.base@21.0.6
j  java.lang.ModuleLayer.defineModules(Ljava/lang/module/Configuration;Ljava/util/List;Ljava/util/function/Function;)Ljava/lang/ModuleLayer$Controller;+36 java.base@21.0.6
j  java.lang.ModuleLayer.defineModules(Ljava/lang/module/Configuration;Ljava/util/function/Function;)Ljava/lang/ModuleLayer;+6 java.base@21.0.6
j  jdk.internal.module.ModuleBootstrap.boot2()Ljava/lang/ModuleLayer;+1207 java.base@21.0.6
j  jdk.internal.module.ModuleBootstrap.boot()Ljava/lang/ModuleLayer;+64 java.base@21.0.6
j  java.lang.System.initPhase2(ZZ)I+0 java.base@21.0.6
v  ~StubRoutines::call_stub 0x0000023acc6510e7
new  187 new  [0x0000023acc66afa0, 0x0000023acc66b1a0]  512 bytes
[MachCode]
  0x0000023acc66afa0: 4883 ec08 | c5fa 1104 | 24eb 1f48 | 83ec 10c5 | fb11 0424 | eb14 4883 | ec10 4889 | 0424 48c7 
  0x0000023acc66afc0: 4424 0800 | 0000 00eb | 0150 410f | b755 010f | cac1 ea10 | 488b 4de8 | 488b 4908 | 488b 4908 
  0x0000023acc66afe0: 488b 4108 | 807c 1004 | 070f 85ca | 0000 0066 | 8b54 d148 | 488b 4928 | 488b 4cd1 | 0851 80b9 
  0x0000023acc66b000: 2101 0000 | 040f 85ad | 0000 008b | 5108 f6c2 | 010f 85a1 | 0000 0049 | 8b87 b801 | 0000 488d 
  0x0000023acc66b020: 1c10 493b | 9fc8 0100 | 000f 8789 | 0000 0049 | 899f b801 | 0000 4883 | ea10 0f84 | 0f00 0000 
  0x0000023acc66b040: 33c9 c1ea | 0348 894c | d008 48ff | ca75 f648 | c700 0100 | 0000 5933 | f689 700c | 48c1 e903 
  0x0000023acc66b060: 8948 0849 | bad0 5a70 | fcfe 7f00 | 0041 803a | 000f 843c | 0000 0050 | 488b c848 | 83ec 2040 
  0x0000023acc66b080: f6c4 0f0f | 8419 0000 | 0048 83ec | 0848 b810 | 111a fcfe | 7f00 00ff | d048 83c4 | 08e9 0c00 
  0x0000023acc66b0a0: 0000 48b8 | 1011 1afc | fe7f 0000 | ffd0 4883 | c420 58e9 | cb00 0000 | 5948 8b55 | e848 8b52 
  0x0000023acc66b0c0: 0848 8b52 | 0845 0fb7 | 4501 410f | c841 c1e8 | 10e8 0500 | 0000 e9a8 | 0000 0048 | 8d44 2408 
  0x0000023acc66b0e0: 4c89 6dc0 | 498b cfc5 | f877 4989 | afa8 0300 | 0049 8987 | 9803 0000 | 4883 ec20 | 40f6 c40f 
  0x0000023acc66b100: 0f84 1900 | 0000 4883 | ec08 48b8 | 80ef e3fb | fe7f 0000 | ffd0 4883 | c408 e90c | 0000 0048 
  0x0000023acc66b120: b880 efe3 | fbfe 7f00 | 00ff d048 | 83c4 2049 | c787 9803 | 0000 0000 | 0000 49c7 | 87a8 0300 
  0x0000023acc66b140: 0000 0000 | 0049 c787 | a003 0000 | 0000 0000 | c5f8 7749 | 837f 0800 | 0f84 0500 | 0000 e99d 
  0x0000023acc66b160: 5dfe ff49 | 8b87 f003 | 0000 49c7 | 87f0 0300 | 0000 0000 | 004c 8b6d | c04c 8b75 | c84e 8d74 
  0x0000023acc66b180: f500 c341 | 0fb6 5d03 | 4983 c503 | 49ba c020 | 73fc fe7f | 0000 41ff | 24da 660f | 1f44 0000 
[/MachCode]

---------------  P R O C E S S  ---------------

Threads class SMR info:
_java_thread_list=0x0000023ad80813e0, length=9, elements={
0x0000023abaf41520, 0x0000023ad8098070, 0x0000023ad8084130, 0x0000023ad8088650,
0x0000023ad8089190, 0x0000023ad808abf0, 0x0000023ad808c780, 0x0000023ad80b2f80,
0x0000023ad80b5a20
}

Java Threads: ( => current thread )
=>0x0000023abaf41520 JavaThread "main"                              [_thread_in_vm, id=20080, stack(0x0000009b3fe00000,0x0000009b3ff00000) (1024K)]
  0x0000023ad8098070 JavaThread "Reference Handler"          daemon [_thread_blocked, id=22252, stack(0x0000009b40600000,0x0000009b40700000) (1024K)]
  0x0000023ad8084130 JavaThread "Finalizer"                  daemon [_thread_blocked, id=24448, stack(0x0000009b40700000,0x0000009b40800000) (1024K)]
  0x0000023ad8088650 JavaThread "Signal Dispatcher"          daemon [_thread_blocked, id=22744, stack(0x0000009b40800000,0x0000009b40900000) (1024K)]
  0x0000023ad8089190 JavaThread "Attach Listener"            daemon [_thread_blocked, id=21264, stack(0x0000009b40900000,0x0000009b40a00000) (1024K)]
  0x0000023ad808abf0 JavaThread "Service Thread"             daemon [_thread_blocked, id=25472, stack(0x0000009b40a00000,0x0000009b40b00000) (1024K)]
  0x0000023ad808c780 JavaThread "Monitor Deflation Thread"   daemon [_thread_blocked, id=26180, stack(0x0000009b40b00000,0x0000009b40c00000) (1024K)]
  0x0000023ad80b2f80 JavaThread "C2 CompilerThread0"         daemon [_thread_blocked, id=14128, stack(0x0000009b40c00000,0x0000009b40d00000) (1024K)]
  0x0000023ad80b5a20 JavaThread "C1 CompilerThread0"         daemon [_thread_blocked, id=23484, stack(0x0000009b40d00000,0x0000009b40e00000) (1024K)]
Total: 9

Other Threads:
  0x0000023abaf1b9e0 VMThread "VM Thread"                           [id=2232, stack(0x0000009b40500000,0x0000009b40600000) (1024K)]
  0x0000023ad7f9a1b0 WatcherThread "VM Periodic Task Thread"        [id=3504, stack(0x0000009b40400000,0x0000009b40500000) (1024K)]
  0x0000023abaf1b2a0 WorkerThread "GC Thread#0"                     [id=22872, stack(0x0000009b3ff00000,0x0000009b40000000) (1024K)]
  0x0000023abb16ad10 ConcurrentGCThread "G1 Main Marker"            [id=12488, stack(0x0000009b40000000,0x0000009b40100000) (1024K)]
  0x0000023abaf1b640 WorkerThread "G1 Conc#0"                       [id=12912, stack(0x0000009b40100000,0x0000009b40200000) (1024K)]
  0x0000023abb1deb30 ConcurrentGCThread "G1 Refine#0"               [id=18136, stack(0x0000009b40200000,0x0000009b40300000) (1024K)]
  0x0000023ad7e66820 ConcurrentGCThread "G1 Service"                [id=24200, stack(0x0000009b40300000,0x0000009b40400000) (1024K)]
Total: 7

Threads with active compile tasks:
Total: 0

VM state: not at safepoint (normal execution)

VM Mutex/Monitor currently owned by a thread:  ([mutex/lock_event])
[0x00007ffefc71c2a0] Metaspace_lock - owner thread: 0x0000023abaf41520

Heap address: 0x00000000e0000000, size: 512 MB, Compressed Oops mode: 32-bit

CDS archive(s) not mapped
Compressed class space mapped at: 0x0000000100000000-0x0000000140000000, reserved size: 1073741824
Narrow klass base: 0x0000000000000000, Narrow klass shift: 3, Narrow klass range: 0x140000000

GC Precious Log:
 CardTable entry size: 512
 Card Set container configuration: InlinePtr #cards 5 size 8 Array Of Cards #cards 12 size 40 Howl #buckets 4 coarsen threshold 1843 Howl Bitmap #cards 512 size 80 coarsen threshold 460 Card regions per heap region 1 cards per card region 2048
 CPUs: 8 total, 8 available
 Memory: 7932M
 Large Page Support: Disabled
 NUMA Support: Disabled
 Compressed Oops: Enabled (32-bit)
 Heap Region Size: 1M
 Heap Min Capacity: 8M
 Heap Initial Capacity: 124M
 Heap Max Capacity: 512M
 Pre-touch: Disabled
 Parallel Workers: 8
 Concurrent Workers: 2
 Concurrent Refinement Workers: 8
 Periodic GC: Disabled

Heap:
 garbage-first heap   total 126976K, used 1024K [0x00000000e0000000, 0x0000000100000000)
  region size 1024K, 2 young (2048K), 0 survivors (0K)
 Metaspace       used 4084K, committed 4096K, reserved 1114112K
  class space    used 308K, committed 320K, reserved 1048576K

Heap Regions: E=young(eden), S=young(survivor), O=old, HS=humongous(starts), HC=humongous(continues), CS=collection set, F=free, TAMS=top-at-mark-start, PB=parsable bottom
|   0|0x00000000e0000000, 0x00000000e0000000, 0x00000000e0100000|  0%| F|  |TAMS 0x00000000e0000000| PB 0x00000000e0000000| Untracked 
|   1|0x00000000e0100000, 0x00000000e0100000, 0x00000000e0200000|  0%| F|  |TAMS 0x00000000e0100000| PB 0x00000000e0100000| Untracked 
|   2|0x00000000e0200000, 0x00000000e0200000, 0x00000000e0300000|  0%| F|  |TAMS 0x00000000e0200000| PB 0x00000000e0200000| Untracked 
|   3|0x00000000e0300000, 0x00000000e0300000, 0x00000000e0400000|  0%| F|  |TAMS 0x00000000e0300000| PB 0x00000000e0300000| Untracked 
|   4|0x00000000e0400000, 0x00000000e0400000, 0x00000000e0500000|  0%| F|  |TAMS 0x00000000e0400000| PB 0x00000000e0400000| Untracked 
|   5|0x00000000e0500000, 0x00000000e0500000, 0x00000000e0600000|  0%| F|  |TAMS 0x00000000e0500000| PB 0x00000000e0500000| Untracked 
|   6|0x00000000e0600000, 0x00000000e0600000, 0x00000000e0700000|  0%| F|  |TAMS 0x00000000e0600000| PB 0x00000000e0600000| Untracked 
|   7|0x00000000e0700000, 0x00000000e0700000, 0x00000000e0800000|  0%| F|  |TAMS 0x00000000e0700000| PB 0x00000000e0700000| Untracked 
|   8|0x00000000e0800000, 0x00000000e0800000, 0x00000000e0900000|  0%| F|  |TAMS 0x00000000e0800000| PB 0x00000000e0800000| Untracked 
|   9|0x00000000e0900000, 0x00000000e0900000, 0x00000000e0a00000|  0%| F|  |TAMS 0x00000000e0900000| PB 0x00000000e0900000| Untracked 
|  10|0x00000000e0a00000, 0x00000000e0a00000, 0x00000000e0b00000|  0%| F|  |TAMS 0x00000000e0a00000| PB 0x00000000e0a00000| Untracked 
|  11|0x00000000e0b00000, 0x00000000e0b00000, 0x00000000e0c00000|  0%| F|  |TAMS 0x00000000e0b00000| PB 0x00000000e0b00000| Untracked 
|  12|0x00000000e0c00000, 0x00000000e0c00000, 0x00000000e0d00000|  0%| F|  |TAMS 0x00000000e0c00000| PB 0x00000000e0c00000| Untracked 
|  13|0x00000000e0d00000, 0x00000000e0d00000, 0x00000000e0e00000|  0%| F|  |TAMS 0x00000000e0d00000| PB 0x00000000e0d00000| Untracked 
|  14|0x00000000e0e00000, 0x00000000e0e00000, 0x00000000e0f00000|  0%| F|  |TAMS 0x00000000e0e00000| PB 0x00000000e0e00000| Untracked 
|  15|0x00000000e0f00000, 0x00000000e0f00000, 0x00000000e1000000|  0%| F|  |TAMS 0x00000000e0f00000| PB 0x00000000e0f00000| Untracked 
|  16|0x00000000e1000000, 0x00000000e1000000, 0x00000000e1100000|  0%| F|  |TAMS 0x00000000e1000000| PB 0x00000000e1000000| Untracked 
|  17|0x00000000e1100000, 0x00000000e1100000, 0x00000000e1200000|  0%| F|  |TAMS 0x00000000e1100000| PB 0x00000000e1100000| Untracked 
|  18|0x00000000e1200000, 0x00000000e1200000, 0x00000000e1300000|  0%| F|  |TAMS 0x00000000e1200000| PB 0x00000000e1200000| Untracked 
|  19|0x00000000e1300000, 0x00000000e1300000, 0x00000000e1400000|  0%| F|  |TAMS 0x00000000e1300000| PB 0x00000000e1300000| Untracked 
|  20|0x00000000e1400000, 0x00000000e1400000, 0x00000000e1500000|  0%| F|  |TAMS 0x00000000e1400000| PB 0x00000000e1400000| Untracked 
|  21|0x00000000e1500000, 0x00000000e1500000, 0x00000000e1600000|  0%| F|  |TAMS 0x00000000e1500000| PB 0x00000000e1500000| Untracked 
|  22|0x00000000e1600000, 0x00000000e1600000, 0x00000000e1700000|  0%| F|  |TAMS 0x00000000e1600000| PB 0x00000000e1600000| Untracked 
|  23|0x00000000e1700000, 0x00000000e1700000, 0x00000000e1800000|  0%| F|  |TAMS 0x00000000e1700000| PB 0x00000000e1700000| Untracked 
|  24|0x00000000e1800000, 0x00000000e1800000, 0x00000000e1900000|  0%| F|  |TAMS 0x00000000e1800000| PB 0x00000000e1800000| Untracked 
|  25|0x00000000e1900000, 0x00000000e1900000, 0x00000000e1a00000|  0%| F|  |TAMS 0x00000000e1900000| PB 0x00000000e1900000| Untracked 
|  26|0x00000000e1a00000, 0x00000000e1a00000, 0x00000000e1b00000|  0%| F|  |TAMS 0x00000000e1a00000| PB 0x00000000e1a00000| Untracked 
|  27|0x00000000e1b00000, 0x00000000e1b00000, 0x00000000e1c00000|  0%| F|  |TAMS 0x00000000e1b00000| PB 0x00000000e1b00000| Untracked 
|  28|0x00000000e1c00000, 0x00000000e1c00000, 0x00000000e1d00000|  0%| F|  |TAMS 0x00000000e1c00000| PB 0x00000000e1c00000| Untracked 
|  29|0x00000000e1d00000, 0x00000000e1d00000, 0x00000000e1e00000|  0%| F|  |TAMS 0x00000000e1d00000| PB 0x00000000e1d00000| Untracked 
|  30|0x00000000e1e00000, 0x00000000e1e00000, 0x00000000e1f00000|  0%| F|  |TAMS 0x00000000e1e00000| PB 0x00000000e1e00000| Untracked 
|  31|0x00000000e1f00000, 0x00000000e1f00000, 0x00000000e2000000|  0%| F|  |TAMS 0x00000000e1f00000| PB 0x00000000e1f00000| Untracked 
|  32|0x00000000e2000000, 0x00000000e2000000, 0x00000000e2100000|  0%| F|  |TAMS 0x00000000e2000000| PB 0x00000000e2000000| Untracked 
|  33|0x00000000e2100000, 0x00000000e2100000, 0x00000000e2200000|  0%| F|  |TAMS 0x00000000e2100000| PB 0x00000000e2100000| Untracked 
|  34|0x00000000e2200000, 0x00000000e2200000, 0x00000000e2300000|  0%| F|  |TAMS 0x00000000e2200000| PB 0x00000000e2200000| Untracked 
|  35|0x00000000e2300000, 0x00000000e2300000, 0x00000000e2400000|  0%| F|  |TAMS 0x00000000e2300000| PB 0x00000000e2300000| Untracked 
|  36|0x00000000e2400000, 0x00000000e2400000, 0x00000000e2500000|  0%| F|  |TAMS 0x00000000e2400000| PB 0x00000000e2400000| Untracked 
|  37|0x00000000e2500000, 0x00000000e2500000, 0x00000000e2600000|  0%| F|  |TAMS 0x00000000e2500000| PB 0x00000000e2500000| Untracked 
|  38|0x00000000e2600000, 0x00000000e2600000, 0x00000000e2700000|  0%| F|  |TAMS 0x00000000e2600000| PB 0x00000000e2600000| Untracked 
|  39|0x00000000e2700000, 0x00000000e2700000, 0x00000000e2800000|  0%| F|  |TAMS 0x00000000e2700000| PB 0x00000000e2700000| Untracked 
|  40|0x00000000e2800000, 0x00000000e2800000, 0x00000000e2900000|  0%| F|  |TAMS 0x00000000e2800000| PB 0x00000000e2800000| Untracked 
|  41|0x00000000e2900000, 0x00000000e2900000, 0x00000000e2a00000|  0%| F|  |TAMS 0x00000000e2900000| PB 0x00000000e2900000| Untracked 
|  42|0x00000000e2a00000, 0x00000000e2a00000, 0x00000000e2b00000|  0%| F|  |TAMS 0x00000000e2a00000| PB 0x00000000e2a00000| Untracked 
|  43|0x00000000e2b00000, 0x00000000e2b00000, 0x00000000e2c00000|  0%| F|  |TAMS 0x00000000e2b00000| PB 0x00000000e2b00000| Untracked 
|  44|0x00000000e2c00000, 0x00000000e2c00000, 0x00000000e2d00000|  0%| F|  |TAMS 0x00000000e2c00000| PB 0x00000000e2c00000| Untracked 
|  45|0x00000000e2d00000, 0x00000000e2d00000, 0x00000000e2e00000|  0%| F|  |TAMS 0x00000000e2d00000| PB 0x00000000e2d00000| Untracked 
|  46|0x00000000e2e00000, 0x00000000e2e00000, 0x00000000e2f00000|  0%| F|  |TAMS 0x00000000e2e00000| PB 0x00000000e2e00000| Untracked 
|  47|0x00000000e2f00000, 0x00000000e2f00000, 0x00000000e3000000|  0%| F|  |TAMS 0x00000000e2f00000| PB 0x00000000e2f00000| Untracked 
|  48|0x00000000e3000000, 0x00000000e3000000, 0x00000000e3100000|  0%| F|  |TAMS 0x00000000e3000000| PB 0x00000000e3000000| Untracked 
|  49|0x00000000e3100000, 0x00000000e3100000, 0x00000000e3200000|  0%| F|  |TAMS 0x00000000e3100000| PB 0x00000000e3100000| Untracked 
|  50|0x00000000e3200000, 0x00000000e3200000, 0x00000000e3300000|  0%| F|  |TAMS 0x00000000e3200000| PB 0x00000000e3200000| Untracked 
|  51|0x00000000e3300000, 0x00000000e3300000, 0x00000000e3400000|  0%| F|  |TAMS 0x00000000e3300000| PB 0x00000000e3300000| Untracked 
|  52|0x00000000e3400000, 0x00000000e3400000, 0x00000000e3500000|  0%| F|  |TAMS 0x00000000e3400000| PB 0x00000000e3400000| Untracked 
|  53|0x00000000e3500000, 0x00000000e3500000, 0x00000000e3600000|  0%| F|  |TAMS 0x00000000e3500000| PB 0x00000000e3500000| Untracked 
|  54|0x00000000e3600000, 0x00000000e3600000, 0x00000000e3700000|  0%| F|  |TAMS 0x00000000e3600000| PB 0x00000000e3600000| Untracked 
|  55|0x00000000e3700000, 0x00000000e3700000, 0x00000000e3800000|  0%| F|  |TAMS 0x00000000e3700000| PB 0x00000000e3700000| Untracked 
|  56|0x00000000e3800000, 0x00000000e3800000, 0x00000000e3900000|  0%| F|  |TAMS 0x00000000e3800000| PB 0x00000000e3800000| Untracked 
|  57|0x00000000e3900000, 0x00000000e3900000, 0x00000000e3a00000|  0%| F|  |TAMS 0x00000000e3900000| PB 0x00000000e3900000| Untracked 
|  58|0x00000000e3a00000, 0x00000000e3a00000, 0x00000000e3b00000|  0%| F|  |TAMS 0x00000000e3a00000| PB 0x00000000e3a00000| Untracked 
|  59|0x00000000e3b00000, 0x00000000e3b00000, 0x00000000e3c00000|  0%| F|  |TAMS 0x00000000e3b00000| PB 0x00000000e3b00000| Untracked 
|  60|0x00000000e3c00000, 0x00000000e3c00000, 0x00000000e3d00000|  0%| F|  |TAMS 0x00000000e3c00000| PB 0x00000000e3c00000| Untracked 
|  61|0x00000000e3d00000, 0x00000000e3d00000, 0x00000000e3e00000|  0%| F|  |TAMS 0x00000000e3d00000| PB 0x00000000e3d00000| Untracked 
|  62|0x00000000e3e00000, 0x00000000e3e00000, 0x00000000e3f00000|  0%| F|  |TAMS 0x00000000e3e00000| PB 0x00000000e3e00000| Untracked 
|  63|0x00000000e3f00000, 0x00000000e3f00000, 0x00000000e4000000|  0%| F|  |TAMS 0x00000000e3f00000| PB 0x00000000e3f00000| Untracked 
|  64|0x00000000e4000000, 0x00000000e4000000, 0x00000000e4100000|  0%| F|  |TAMS 0x00000000e4000000| PB 0x00000000e4000000| Untracked 
|  65|0x00000000e4100000, 0x00000000e4100000, 0x00000000e4200000|  0%| F|  |TAMS 0x00000000e4100000| PB 0x00000000e4100000| Untracked 
|  66|0x00000000e4200000, 0x00000000e4200000, 0x00000000e4300000|  0%| F|  |TAMS 0x00000000e4200000| PB 0x00000000e4200000| Untracked 
|  67|0x00000000e4300000, 0x00000000e4300000, 0x00000000e4400000|  0%| F|  |TAMS 0x00000000e4300000| PB 0x00000000e4300000| Untracked 
|  68|0x00000000e4400000, 0x00000000e4400000, 0x00000000e4500000|  0%| F|  |TAMS 0x00000000e4400000| PB 0x00000000e4400000| Untracked 
|  69|0x00000000e4500000, 0x00000000e4500000, 0x00000000e4600000|  0%| F|  |TAMS 0x00000000e4500000| PB 0x00000000e4500000| Untracked 
|  70|0x00000000e4600000, 0x00000000e4600000, 0x00000000e4700000|  0%| F|  |TAMS 0x00000000e4600000| PB 0x00000000e4600000| Untracked 
|  71|0x00000000e4700000, 0x00000000e4700000, 0x00000000e4800000|  0%| F|  |TAMS 0x00000000e4700000| PB 0x00000000e4700000| Untracked 
|  72|0x00000000e4800000, 0x00000000e4800000, 0x00000000e4900000|  0%| F|  |TAMS 0x00000000e4800000| PB 0x00000000e4800000| Untracked 
|  73|0x00000000e4900000, 0x00000000e4900000, 0x00000000e4a00000|  0%| F|  |TAMS 0x00000000e4900000| PB 0x00000000e4900000| Untracked 
|  74|0x00000000e4a00000, 0x00000000e4a00000, 0x00000000e4b00000|  0%| F|  |TAMS 0x00000000e4a00000| PB 0x00000000e4a00000| Untracked 
|  75|0x00000000e4b00000, 0x00000000e4b00000, 0x00000000e4c00000|  0%| F|  |TAMS 0x00000000e4b00000| PB 0x00000000e4b00000| Untracked 
|  76|0x00000000e4c00000, 0x00000000e4c00000, 0x00000000e4d00000|  0%| F|  |TAMS 0x00000000e4c00000| PB 0x00000000e4c00000| Untracked 
|  77|0x00000000e4d00000, 0x00000000e4d00000, 0x00000000e4e00000|  0%| F|  |TAMS 0x00000000e4d00000| PB 0x00000000e4d00000| Untracked 
|  78|0x00000000e4e00000, 0x00000000e4e00000, 0x00000000e4f00000|  0%| F|  |TAMS 0x00000000e4e00000| PB 0x00000000e4e00000| Untracked 
|  79|0x00000000e4f00000, 0x00000000e4f00000, 0x00000000e5000000|  0%| F|  |TAMS 0x00000000e4f00000| PB 0x00000000e4f00000| Untracked 
|  80|0x00000000e5000000, 0x00000000e5000000, 0x00000000e5100000|  0%| F|  |TAMS 0x00000000e5000000| PB 0x00000000e5000000| Untracked 
|  81|0x00000000e5100000, 0x00000000e5100000, 0x00000000e5200000|  0%| F|  |TAMS 0x00000000e5100000| PB 0x00000000e5100000| Untracked 
|  82|0x00000000e5200000, 0x00000000e5200000, 0x00000000e5300000|  0%| F|  |TAMS 0x00000000e5200000| PB 0x00000000e5200000| Untracked 
|  83|0x00000000e5300000, 0x00000000e5300000, 0x00000000e5400000|  0%| F|  |TAMS 0x00000000e5300000| PB 0x00000000e5300000| Untracked 
|  84|0x00000000e5400000, 0x00000000e5400000, 0x00000000e5500000|  0%| F|  |TAMS 0x00000000e5400000| PB 0x00000000e5400000| Untracked 
|  85|0x00000000e5500000, 0x00000000e5500000, 0x00000000e5600000|  0%| F|  |TAMS 0x00000000e5500000| PB 0x00000000e5500000| Untracked 
|  86|0x00000000e5600000, 0x00000000e5600000, 0x00000000e5700000|  0%| F|  |TAMS 0x00000000e5600000| PB 0x00000000e5600000| Untracked 
|  87|0x00000000e5700000, 0x00000000e5700000, 0x00000000e5800000|  0%| F|  |TAMS 0x00000000e5700000| PB 0x00000000e5700000| Untracked 
|  88|0x00000000e5800000, 0x00000000e5800000, 0x00000000e5900000|  0%| F|  |TAMS 0x00000000e5800000| PB 0x00000000e5800000| Untracked 
|  89|0x00000000e5900000, 0x00000000e5900000, 0x00000000e5a00000|  0%| F|  |TAMS 0x00000000e5900000| PB 0x00000000e5900000| Untracked 
|  90|0x00000000e5a00000, 0x00000000e5a00000, 0x00000000e5b00000|  0%| F|  |TAMS 0x00000000e5a00000| PB 0x00000000e5a00000| Untracked 
|  91|0x00000000e5b00000, 0x00000000e5b00000, 0x00000000e5c00000|  0%| F|  |TAMS 0x00000000e5b00000| PB 0x00000000e5b00000| Untracked 
|  92|0x00000000e5c00000, 0x00000000e5c00000, 0x00000000e5d00000|  0%| F|  |TAMS 0x00000000e5c00000| PB 0x00000000e5c00000| Untracked 
|  93|0x00000000e5d00000, 0x00000000e5d00000, 0x00000000e5e00000|  0%| F|  |TAMS 0x00000000e5d00000| PB 0x00000000e5d00000| Untracked 
|  94|0x00000000e5e00000, 0x00000000e5e00000, 0x00000000e5f00000|  0%| F|  |TAMS 0x00000000e5e00000| PB 0x00000000e5e00000| Untracked 
|  95|0x00000000e5f00000, 0x00000000e5f00000, 0x00000000e6000000|  0%| F|  |TAMS 0x00000000e5f00000| PB 0x00000000e5f00000| Untracked 
|  96|0x00000000e6000000, 0x00000000e6000000, 0x00000000e6100000|  0%| F|  |TAMS 0x00000000e6000000| PB 0x00000000e6000000| Untracked 
|  97|0x00000000e6100000, 0x00000000e6100000, 0x00000000e6200000|  0%| F|  |TAMS 0x00000000e6100000| PB 0x00000000e6100000| Untracked 
|  98|0x00000000e6200000, 0x00000000e6200000, 0x00000000e6300000|  0%| F|  |TAMS 0x00000000e6200000| PB 0x00000000e6200000| Untracked 
|  99|0x00000000e6300000, 0x00000000e6300000, 0x00000000e6400000|  0%| F|  |TAMS 0x00000000e6300000| PB 0x00000000e6300000| Untracked 
| 100|0x00000000e6400000, 0x00000000e6400000, 0x00000000e6500000|  0%| F|  |TAMS 0x00000000e6400000| PB 0x00000000e6400000| Untracked 
| 101|0x00000000e6500000, 0x00000000e6500000, 0x00000000e6600000|  0%| F|  |TAMS 0x00000000e6500000| PB 0x00000000e6500000| Untracked 
| 102|0x00000000e6600000, 0x00000000e6600000, 0x00000000e6700000|  0%| F|  |TAMS 0x00000000e6600000| PB 0x00000000e6600000| Untracked 
| 103|0x00000000e6700000, 0x00000000e6700000, 0x00000000e6800000|  0%| F|  |TAMS 0x00000000e6700000| PB 0x00000000e6700000| Untracked 
| 104|0x00000000e6800000, 0x00000000e6800000, 0x00000000e6900000|  0%| F|  |TAMS 0x00000000e6800000| PB 0x00000000e6800000| Untracked 
| 105|0x00000000e6900000, 0x00000000e6900000, 0x00000000e6a00000|  0%| F|  |TAMS 0x00000000e6900000| PB 0x00000000e6900000| Untracked 
| 106|0x00000000e6a00000, 0x00000000e6a00000, 0x00000000e6b00000|  0%| F|  |TAMS 0x00000000e6a00000| PB 0x00000000e6a00000| Untracked 
| 107|0x00000000e6b00000, 0x00000000e6b00000, 0x00000000e6c00000|  0%| F|  |TAMS 0x00000000e6b00000| PB 0x00000000e6b00000| Untracked 
| 108|0x00000000e6c00000, 0x00000000e6c00000, 0x00000000e6d00000|  0%| F|  |TAMS 0x00000000e6c00000| PB 0x00000000e6c00000| Untracked 
| 109|0x00000000e6d00000, 0x00000000e6d00000, 0x00000000e6e00000|  0%| F|  |TAMS 0x00000000e6d00000| PB 0x00000000e6d00000| Untracked 
| 110|0x00000000e6e00000, 0x00000000e6e00000, 0x00000000e6f00000|  0%| F|  |TAMS 0x00000000e6e00000| PB 0x00000000e6e00000| Untracked 
| 111|0x00000000e6f00000, 0x00000000e6f00000, 0x00000000e7000000|  0%| F|  |TAMS 0x00000000e6f00000| PB 0x00000000e6f00000| Untracked 
| 112|0x00000000e7000000, 0x00000000e7000000, 0x00000000e7100000|  0%| F|  |TAMS 0x00000000e7000000| PB 0x00000000e7000000| Untracked 
| 113|0x00000000e7100000, 0x00000000e7100000, 0x00000000e7200000|  0%| F|  |TAMS 0x00000000e7100000| PB 0x00000000e7100000| Untracked 
| 114|0x00000000e7200000, 0x00000000e7200000, 0x00000000e7300000|  0%| F|  |TAMS 0x00000000e7200000| PB 0x00000000e7200000| Untracked 
| 115|0x00000000e7300000, 0x00000000e7300000, 0x00000000e7400000|  0%| F|  |TAMS 0x00000000e7300000| PB 0x00000000e7300000| Untracked 
| 116|0x00000000e7400000, 0x00000000e7400000, 0x00000000e7500000|  0%| F|  |TAMS 0x00000000e7400000| PB 0x00000000e7400000| Untracked 
| 117|0x00000000e7500000, 0x00000000e7500000, 0x00000000e7600000|  0%| F|  |TAMS 0x00000000e7500000| PB 0x00000000e7500000| Untracked 
| 118|0x00000000e7600000, 0x00000000e7600000, 0x00000000e7700000|  0%| F|  |TAMS 0x00000000e7600000| PB 0x00000000e7600000| Untracked 
| 119|0x00000000e7700000, 0x00000000e7700000, 0x00000000e7800000|  0%| F|  |TAMS 0x00000000e7700000| PB 0x00000000e7700000| Untracked 
| 120|0x00000000e7800000, 0x00000000e7800000, 0x00000000e7900000|  0%| F|  |TAMS 0x00000000e7800000| PB 0x00000000e7800000| Untracked 
| 121|0x00000000e7900000, 0x00000000e7900000, 0x00000000e7a00000|  0%| F|  |TAMS 0x00000000e7900000| PB 0x00000000e7900000| Untracked 
| 122|0x00000000e7a00000, 0x00000000e7aebae0, 0x00000000e7b00000| 92%| E|  |TAMS 0x00000000e7a00000| PB 0x00000000e7a00000| Complete 
| 123|0x00000000e7b00000, 0x00000000e7c00000, 0x00000000e7c00000|100%| E|CS|TAMS 0x00000000e7b00000| PB 0x00000000e7b00000| Complete 

Card table byte_map: [0x0000023ad4c80000,0x0000023ad4d80000] _byte_map_base: 0x0000023ad4580000

Marking Bits: (CMBitMap*) 0x0000023abb1682a0
 Bits: [0x0000023ad4d80000, 0x0000023ad5580000)

Polling page: 0x0000023abb1e0000

Metaspace:

Usage:
  Non-class:      3.69 MB used.
      Class:    308.21 KB used.
       Both:      3.99 MB used.

Virtual space:
  Non-class space:       64.00 MB reserved,       3.69 MB (  6%) committed,  1 nodes.
      Class space:        1.00 GB reserved,     320.00 KB ( <1%) committed,  1 nodes.
             Both:        1.06 GB reserved,       4.00 MB ( <1%) committed. 

Chunk freelists:
   Non-Class:  12.00 MB
       Class:  15.62 MB
        Both:  27.62 MB

MaxMetaspaceSize: unlimited
CompressedClassSpaceSize: 1.00 GB
Initial GC threshold: 21.00 MB
Current GC threshold: 21.00 MB
CDS: off
 - commit_granule_bytes: 65536.
 - commit_granule_words: 8192.
 - virtual_space_node_default_size: 8388608.
 - enlarge_chunks_in_place: 1.
 - use_allocation_guard: 0.


Internal statistics:

num_allocs_failed_limit: 0.
num_arena_births: 2.
num_arena_deaths: 0.
num_vsnodes_births: 2.
num_vsnodes_deaths: 0.
num_space_committed: 64.
num_space_uncommitted: 0.
num_chunks_returned_to_freelist: 0.
num_chunks_taken_from_freelist: 4.
num_chunk_merges: 0.
num_chunk_splits: 2.
num_chunks_enlarged: 0.
num_inconsistent_stats: 0.

CodeHeap 'non-profiled nmethods': size=120000Kb used=26Kb max_used=26Kb free=119973Kb
 bounds [0x0000023accbf0000, 0x0000023acce60000, 0x0000023ad4120000]
CodeHeap 'profiled nmethods': size=120000Kb used=111Kb max_used=111Kb free=119889Kb
 bounds [0x0000023ac5120000, 0x0000023ac5390000, 0x0000023acc650000]
CodeHeap 'non-nmethods': size=5760Kb used=1239Kb max_used=1253Kb free=4520Kb
 bounds [0x0000023acc650000, 0x0000023acc8c0000, 0x0000023accbf0000]
 total_blobs=393 nmethods=95 adapters=203
 compilation: enabled
              stopped_count=0, restarted_count=0
 full_count=0

Compilation events (20 events):
Event: 0.339 Thread 0x0000023ad80b5a20   80       1       java.lang.module.ModuleDescriptor$Exports::source (5 bytes)
Event: 0.339 Thread 0x0000023ad80b5a20 nmethod 80 0x0000023accbf5590 code [0x0000023accbf5720, 0x0000023accbf57e8]
Event: 0.339 Thread 0x0000023ad80b5a20   86       3       java.util.HashMap::get (19 bytes)
Event: 0.339 Thread 0x0000023ad80b5a20 nmethod 86 0x0000023ac513a510 code [0x0000023ac513a6c0, 0x0000023ac513a870]
Event: 0.339 Thread 0x0000023ad80b5a20   88       3       java.util.ImmutableCollections$Set12$1::hasNext (13 bytes)
Event: 0.340 Thread 0x0000023ad80b5a20 nmethod 88 0x0000023ac513a990 code [0x0000023ac513ab20, 0x0000023ac513ac80]
Event: 0.340 Thread 0x0000023ad80b5a20   87       1       java.lang.module.ModuleDescriptor::isAutomatic (5 bytes)
Event: 0.340 Thread 0x0000023ad80b5a20 nmethod 87 0x0000023accbf5890 code [0x0000023accbf5a20, 0x0000023accbf5af0]
Event: 0.340 Thread 0x0000023ad80b5a20   89       3       java.util.HashSet::add (20 bytes)
Event: 0.340 Thread 0x0000023ad80b5a20 nmethod 89 0x0000023ac513ad10 code [0x0000023ac513aec0, 0x0000023ac513b080]
Event: 0.341 Thread 0x0000023ad80b5a20   90       1       java.lang.module.ResolvedModule::configuration (5 bytes)
Event: 0.341 Thread 0x0000023ad80b5a20 nmethod 90 0x0000023accbf5f90 code [0x0000023accbf6120, 0x0000023accbf61e8]
Event: 0.341 Thread 0x0000023ad80b5a20   93       3       java.util.HashMap::<init> (11 bytes)
Event: 0.341 Thread 0x0000023ad80b5a20 nmethod 93 0x0000023ac513b190 code [0x0000023ac513b340, 0x0000023ac513b510]
Event: 0.341 Thread 0x0000023ad80b5a20   92       1       java.lang.module.ModuleDescriptor$Exports::targets (5 bytes)
Event: 0.341 Thread 0x0000023ad80b5a20 nmethod 92 0x0000023accbf6290 code [0x0000023accbf6420, 0x0000023accbf64e8]
Event: 0.342 Thread 0x0000023ad80b5a20   94       1       java.util.ImmutableCollections$Set12::isEmpty (2 bytes)
Event: 0.342 Thread 0x0000023ad80b5a20 nmethod 94 0x0000023accbf6590 code [0x0000023accbf6720, 0x0000023accbf67e8]
Event: 0.342 Thread 0x0000023ad80b5a20   95       3       java.util.ImmutableCollections$Set12$1::next (95 bytes)
Event: 0.342 Thread 0x0000023ad80b5a20 nmethod 95 0x0000023ac513b610 code [0x0000023ac513b7e0, 0x0000023ac513bab8]

GC Heap History (0 events):
No events

Dll operation events (2 events):
Event: 0.011 Loaded shared library C:\Users\moham\.jdks\corretto-21.0.6\bin\java.dll
Event: 0.151 Loaded shared library C:\Users\moham\.jdks\corretto-21.0.6\bin\jsvml.dll

Deoptimization events (0 events):
No events

Classes loaded (20 events):
Event: 0.331 Loading class jdk/internal/module/ModuleLoaderMap done
Event: 0.331 Loading class jdk/internal/module/ModuleLoaderMap$Mapper
Event: 0.331 Loading class jdk/internal/module/ModuleLoaderMap$Mapper done
Event: 0.331 Loading class jdk/internal/module/ModuleLoaderMap$Modules
Event: 0.331 Loading class jdk/internal/module/ModuleLoaderMap$Modules done
Event: 0.333 Loading class java/lang/ModuleLayer
Event: 0.333 Loading class java/lang/ModuleLayer done
Event: 0.333 Loading class java/util/ImmutableCollections$ListItr
Event: 0.334 Loading class java/util/ListIterator
Event: 0.334 Loading class java/util/ListIterator done
Event: 0.334 Loading class java/util/ImmutableCollections$ListItr done
Event: 0.341 Loading class jdk/internal/loader/AbstractClassLoaderValue$Memoizer
Event: 0.341 Loading class jdk/internal/loader/AbstractClassLoaderValue$Memoizer done
Event: 0.341 Loading class jdk/internal/module/ServicesCatalog$ServiceProvider
Event: 0.341 Loading class jdk/internal/module/ServicesCatalog$ServiceProvider done
Event: 0.341 Loading class java/util/concurrent/CopyOnWriteArrayList
Event: 0.342 Loading class java/util/concurrent/CopyOnWriteArrayList done
Event: 0.342 Loading class java/util/HashMap$KeySet
Event: 0.342 Loading class java/util/HashMap$KeySet done
Event: 0.343 Loading class java/util/HashMap$KeyIterator

Classes unloaded (0 events):
No events

Classes redefined (0 events):
No events

Internal exceptions (0 events):
No events

ZGC Phase Switch (0 events):
No events

VM Operations (0 events):
No events

Memory protections (0 events):
No events

Nmethod flushes (0 events):
No events

Events (9 events):
Event: 0.026 Thread 0x0000023abaf41520 Thread added: 0x0000023abaf41520
Event: 0.144 Thread 0x0000023abaf41520 Thread added: 0x0000023ad8098070
Event: 0.144 Thread 0x0000023abaf41520 Thread added: 0x0000023ad8084130
Event: 0.146 Thread 0x0000023abaf41520 Thread added: 0x0000023ad8088650
Event: 0.146 Thread 0x0000023abaf41520 Thread added: 0x0000023ad8089190
Event: 0.147 Thread 0x0000023abaf41520 Thread added: 0x0000023ad808abf0
Event: 0.147 Thread 0x0000023abaf41520 Thread added: 0x0000023ad808c780
Event: 0.147 Thread 0x0000023abaf41520 Thread added: 0x0000023ad80b2f80
Event: 0.147 Thread 0x0000023abaf41520 Thread added: 0x0000023ad80b5a20


Dynamic libraries:
0x00007ff74fd90000 - 0x00007ff74fd9e000 	C:\Users\moham\.jdks\corretto-21.0.6\bin\java.exe
0x00007fff5f9d0000 - 0x00007fff5fbe7000 	C:\WINDOWS\SYSTEM32\ntdll.dll
0x00007fff5ef00000 - 0x00007fff5efc4000 	C:\WINDOWS\System32\KERNEL32.DLL
0x00007fff5cc50000 - 0x00007fff5d021000 	C:\WINDOWS\System32\KERNELBASE.dll
0x00007fff5d210000 - 0x00007fff5d321000 	C:\WINDOWS\System32\ucrtbase.dll
0x00007fff43f90000 - 0x00007fff43fa8000 	C:\Users\moham\.jdks\corretto-21.0.6\bin\jli.dll
0x00007fff36960000 - 0x00007fff3697b000 	C:\Users\moham\.jdks\corretto-21.0.6\bin\VCRUNTIME140.dll
0x00007fff5eb50000 - 0x00007fff5ed01000 	C:\WINDOWS\System32\USER32.dll
0x00007fff407f0000 - 0x00007fff40a82000 	C:\WINDOWS\WinSxS\amd64_microsoft.windows.common-controls_6595b64144ccf1df_6.0.22621.4830_none_270fe7d773858e80\COMCTL32.dll
0x00007fff5d360000 - 0x00007fff5d386000 	C:\WINDOWS\System32\win32u.dll
0x00007fff5d730000 - 0x00007fff5d7d7000 	C:\WINDOWS\System32\msvcrt.dll
0x00007fff5d700000 - 0x00007fff5d729000 	C:\WINDOWS\System32\GDI32.dll
0x00007fff5d390000 - 0x00007fff5d4ab000 	C:\WINDOWS\System32\gdi32full.dll
0x00007fff5d030000 - 0x00007fff5d0ca000 	C:\WINDOWS\System32\msvcp_win.dll
0x00007fff5f760000 - 0x00007fff5f791000 	C:\WINDOWS\System32\IMM32.DLL
0x00007fff45270000 - 0x00007fff4527c000 	C:\Users\moham\.jdks\corretto-21.0.6\bin\vcruntime140_1.dll
0x00007fff00a60000 - 0x00007fff00aed000 	C:\Users\moham\.jdks\corretto-21.0.6\bin\msvcp140.dll
0x00007ffefba60000 - 0x00007ffefc7ff000 	C:\Users\moham\.jdks\corretto-21.0.6\bin\server\jvm.dll
0x00007fff5dca0000 - 0x00007fff5dd51000 	C:\WINDOWS\System32\ADVAPI32.dll
0x00007fff5eda0000 - 0x00007fff5ee47000 	C:\WINDOWS\System32\sechost.dll
0x00007fff5d330000 - 0x00007fff5d358000 	C:\WINDOWS\System32\bcrypt.dll
0x00007fff5de70000 - 0x00007fff5df84000 	C:\WINDOWS\System32\RPCRT4.dll
0x00007fff5d7e0000 - 0x00007fff5d851000 	C:\WINDOWS\System32\WS2_32.dll
0x00007fff5bb60000 - 0x00007fff5bbad000 	C:\WINDOWS\SYSTEM32\POWRPROF.dll
0x00007fff55690000 - 0x00007fff556c4000 	C:\WINDOWS\SYSTEM32\WINMM.dll
0x00007fff54740000 - 0x00007fff5474a000 	C:\WINDOWS\SYSTEM32\VERSION.dll
0x00007fff5bae0000 - 0x00007fff5baf3000 	C:\WINDOWS\SYSTEM32\UMPDC.dll
0x00007fff5bc50000 - 0x00007fff5bc68000 	C:\WINDOWS\SYSTEM32\kernel.appcore.dll
0x00007fff44040000 - 0x00007fff4404a000 	C:\Users\moham\.jdks\corretto-21.0.6\bin\jimage.dll
0x00007fff5a570000 - 0x00007fff5a7a2000 	C:\WINDOWS\SYSTEM32\DBGHELP.DLL
0x00007fff5d870000 - 0x00007fff5dc00000 	C:\WINDOWS\System32\combase.dll
0x00007fff5f7a0000 - 0x00007fff5f877000 	C:\WINDOWS\System32\OLEAUT32.dll
0x00007fff52560000 - 0x00007fff52592000 	C:\WINDOWS\SYSTEM32\dbgcore.DLL
0x00007fff5d620000 - 0x00007fff5d69b000 	C:\WINDOWS\System32\bcryptPrimitives.dll
0x00007fff23e80000 - 0x00007fff23e9f000 	C:\Users\moham\.jdks\corretto-21.0.6\bin\java.dll
0x00007fff5df90000 - 0x00007fff5e818000 	C:\WINDOWS\System32\SHELL32.dll
0x00007fff5d0d0000 - 0x00007fff5d20f000 	C:\WINDOWS\System32\wintypes.dll
0x00007fff5aa70000 - 0x00007fff5b37d000 	C:\WINDOWS\SYSTEM32\windows.storage.dll
0x00007fff5dd60000 - 0x00007fff5de6a000 	C:\WINDOWS\System32\SHCORE.dll
0x00007fff5d6a0000 - 0x00007fff5d6fe000 	C:\WINDOWS\System32\shlwapi.dll
0x00007fff5ca40000 - 0x00007fff5ca6b000 	C:\WINDOWS\SYSTEM32\profapi.dll
0x00007ffefabe0000 - 0x00007ffefacb7000 	C:\Users\moham\.jdks\corretto-21.0.6\bin\jsvml.dll

dbghelp: loaded successfully - version: 4.0.5 - missing functions: none
symbol engine: initialized successfully - sym options: 0x614 - pdb path: .;C:\Users\moham\.jdks\corretto-21.0.6\bin;C:\WINDOWS\SYSTEM32;C:\WINDOWS\WinSxS\amd64_microsoft.windows.common-controls_6595b64144ccf1df_6.0.22621.4830_none_270fe7d773858e80;C:\Users\moham\.jdks\corretto-21.0.6\bin\server

VM Arguments:
jvm_args: -Dorg.gradle.internal.worker.tmpdir=C:\one drive\Bureau\app de restauration pai\restau\build\tmp\test\work -Xmx512m -Dfile.encoding=windows-1252 -Duser.country=FR -Duser.language=fr -Duser.variant -ea 
java_command: worker.org.gradle.process.internal.worker.GradleWorkerMain 'Gradle Test Executor 1'
java_class_path (initial): C:\Users\moham\.gradle\caches\8.12.1\workerMain\gradle-worker.jar;C:\one drive\Bureau\app de restauration pai\restau\build\classes\java\test;C:\one drive\Bureau\app de restauration pai\restau\build\classes\java\main;C:\one drive\Bureau\app de restauration pai\restau\build\resources\main;C:\Users\moham\.gradle\caches\modules-2\files-2.1\org.springframework.boot\spring-boot-starter-data-jpa\3.4.3\29c90fec6e887dc01df09ea4c3548b5a04b7afb4\spring-boot-starter-data-jpa-3.4.3.jar;C:\Users\moham\.gradle\caches\modules-2\files-2.1\org.springframework.boot\spring-boot-starter-web\3.4.3\87e7a401e7d249fefc7f372f5681e8620234624c\spring-boot-starter-web-3.4.3.jar;C:\Users\moham\.gradle\caches\modules-2\files-2.1\org.postgresql\postgresql\42.7.5\747897987b86c741fb8b56f6b81929ae1e6e4b46\postgresql-42.7.5.jar;C:\Users\moham\.gradle\caches\modules-2\files-2.1\org.springframework.boot\spring-boot-starter-test\3.4.3\cb43483437a2151f522141247198e071ad77cf35\spring-boot-starter-test-3.4.3.jar;C:\Users\moham\.gradle\caches\modules-2\files-2.1\org.junit.jupiter\junit-jupiter\5.11.4\a699f024a4a4706b36bddbeb42d499aff9e09379\junit-jupiter-5.11.4.jar;C:\Users\moham\.gradle\caches\modules-2\files-2.1\org.junit.jupiter\junit-jupiter-engine\5.11.4\dc10ec209623986a68ea07f67cdc7d2a65a60355\junit-jupiter-engine-5.11.4.jar;C:\Users\moham\.gradle\caches\modules-2\files-2.1\org.junit.platform\junit-platform-engine\1.11.4\21f61b123ad6ac8f7e73971bff3a096c8d8e1cd0\junit-platform-engine-1.11.4.jar;C:\Users\moham\.gradle\caches\modules-2\files-2.1\org.mockito\mockito-junit-jupiter\5.14.2\3cfc377d4bb9fe729f3dd9098d9a9b27da58324a\mockito-junit-jupiter-5.14.2.jar;C:\Users\moham\.gradle\caches\modules-2\files-2.1\org.junit.jupiter\junit-jupiter-params\5.11.4\e4c86fbe2a39c60c6b87260ef7f7e7c1a1906481\junit-jupiter-params-5.11.4.jar;C:\Users\moham\.gradle\caches\modules-2\files-2.1\org.junit.jupiter\junit-jupiter-api\5.11.4\308315b28e667db4091b2ba1f7aa220d1ddadb97\junit-jupiter-api-5.11.4.jar;C:\Users\moham\.gradle\caches\modules-2\files-2.1\org.junit.platform\junit-platform-commons\1.11.4\8898eea3ed0da2641548d602c3e308804f166303\junit-platform-commons-1.11.4.jar;C:\Users\moham\.gradle\caches\modules-2\files-2.1\org.junit.platform\junit-platform-launcher\1.11.4\3d83c201899d8c5e74e1a5d628eab900342a0e48\junit-platform-launcher-1.11.4.jar;C:\Users\moham\.gradle\caches\modules-2\files-2.1\org.springframework.boot\spring-boot-starter-jdbc\3.4.3\87c09bd67ea27fcd30d6413fdbc5bfa1f688e5e8\spring-boot-starter-jdbc-3.4.3.jar;C:\Users\moham\.gradle\caches\modules-2\files-2.1\org.springframework.boot\spring-boot-starter-json\3.4.3\7a4d63165404da67ed3802678994c21a0763723\spring-boot-starter-json-3.4.3.jar;C:\Users\moham\.gradle\caches\modules-2\files-2.1\org.springframework.boot\spring-boot-starter\3.4.3\247fdc05cd6de013c3fd26628fa221dd095b391\spring-boot-starter-3.4.3.jar;C:\Users\moham\.gradle\caches\modules-2\files-2.1\org.hibernate.orm\hibernate-core\6.6.8.Final\2738c642d5e505249faa2f923e03541aa6b96916\hibernate-core-6.6.8.Final.jar;C:\Users\moham\.gradle\caches\modules-2\files-2.1\org.springframework.data\spring-data-jpa\3.4.3\7e4c0e9c14f4d971a9de6aff3c9beece2001480b\spring-data-jpa-3.4.3.jar;C:\Users\moham\.gradle\caches\modules-2\files-2.1\org.springframework\spring-aspects\6.2.3\f90a794dd3f81a1addc0552bc091e3f85b2428de\spring-aspects-6.2.3.jar;C:\Users\moham\.gradle\caches\modules-2\files-2.1\org.springframework.boot\spring-boot-starter-tomcat\3.4.3\40246b02bf8bf905dd5fb3d57f48bfc2c9b49bb9\spring-boot-starter-tomcat-3.4.3.jar;C:\Users\moham\.gradle\caches\modules-2\files-2.1\org.springframework\spring-webmvc\6.2.3\485f6e351bba471fc8f841f39eaf6488896369ff\spring-webmvc-6.2.3.jar;C:\Users\moham\.gradle\caches\modules-2\files-2.1\org.springframework\spring-web\6.2.3\662ac5ee41af27d183f97032b2fec2b652d379f5\spring-web-6.2.3.jar;C:\Users\moham\.gradle\caches\modules-2\files-2.1\org.checkerframework\checker-qual\3.48.3\c48effe7d78de3cf5e8a98c614281ec6a2466a77\checker-qual-3.48.3.jar;C:\Users\moham\.gradle\caches\modules-2\files-2.1\org.springframework.boot\spring-boot-test-autoconfigure\3.4.3\7c4be29065b5b21ba7c13515d795fe8d76e57a79\spring-boot-test-autoconfigure-3.4.3.jar;C:\Users\moham\.gradle\caches\modules-2\files-2.1\org.springframework.boot\spring-boot-test\3.4.3\ba8b542af8fda08840925ef1bdfe78c1b7222b82\spring-boot-test-3.4.3.jar;C:\Users\moham\.gradle\caches\modules-2\files-2.1\com.jayway.jsonpath\json-path\2.9.0\37fe2217f577b0b68b18e62c4d17a8858ecf9b69\json-path-2.9.0.jar;C:\Users\moham\.gradle\caches\modules-2\files-2.1\org.glassfish.jaxb\jaxb-runtime\4.0.5\ca84c2a7169b5293e232b9d00d1e4e36d4c3914a\jaxb-runtime-4.0.5.jar;C:\Users\moham\.gradle\caches\modules-2\files-2.1\org.glassfish.jaxb\jaxb-core\4.0.5\7b4b11ea5542eea4ad55e1080b23be436795b3\jaxb-core-4.0.5.jar;C:\Users\moham\.gradle\caches\modules-2\files-2.1\jakarta.xml.bind\jakarta.xml.bind-api\4.0.2\6cd5a999b834b63238005b7144136379dc36cad2\jakarta.xml.bind-api-4.0.2.jar;C:\Users\moham\.gradle\caches\modules-2\files-2.1\net.minidev\json-smart\2.5.2\95d166b18f95907be0f46cdb9e1c0695eed03387\json-smart-2.5.2.jar;C:\Users\moham\.gradle\caches\modules-2\files-2.1\org.assertj\assertj-core\3.26.3\d26263eb7524252d98e602fc6942996a3195e29\assertj-core-3.26.3.jar;C:\Users\moham\.gradle\caches\modules-2\files-2.1\org.awaitility\awaitility\4.2.2\7336242073ebf83fe034e42b46a403c5501b63c9\awaitility-4.2.2.jar;C:\Users\moham\.gradle\caches\modules-2\files-2.1\org.hamcrest\hamcrest\2.2\1820c0968dba3a11a1b30669bb1f01978a91dedc\hamcrest-2.2.jar;C:\Users\moham\.gradle\caches\modules-2\files-2.1\org.mockito\mockito-core\5.14.2\f7bf936008d7664e2002c3faf0c02071c8d10e7c\mockito-core-5.14.2.jar;C:\Users\moham\.gradle\caches\modules-2\files-2.1\org.skyscreamer\jsonassert\1.5.3\aaa43e0823d2a0e106e8754d6a9c4ab24e05e9bc\jsonassert-1.5.3.jar;C:\Users\moham\.gradle\caches\modules-2\files-2.1\org.springframework\spring-test\6.2.3\92fbfd7a88dd007f4c669d8a317227d2757a4d2a\spring-test-6.2.3.jar;C:\Users\moham\.gradle\caches\modules-2\files-2.1\org.springframework.boot\spring-boot-autoconfigure\3.4.3\6172c599082196b340910d67c5c790c32f10e417\spring-boot-autoconfigure-3.4.3.jar;C:\Users\moham\.gradle\caches\modules-2\files-2.1\org.springframework.boot\spring-boot\3.4.3\a7138bcecd59ed27660b3894a7812d65db4951e6\spring-boot-3.4.3.jar;C:\Users\moham\.gradle\caches\modules-2\files-2.1\org.springframework\spring-orm\6.2.3\b99b9917702591c2ef0cfa7a9bff6bf757015437\spring-orm-6.2.3.jar;C:\Users\moham\.gradle\caches\modules-2\files-2.1\org.springframework\spring-jdbc\6.2.3\37a5f7fd424fe555a556138c8ac4f8d6dd312c19\spring-jdbc-6.2.3.jar;C:\Users\moham\.gradle\caches\modules-2\files-2.1\org.springframework.data\spring-data-commons\3.4.3\2b61ff4aef4a81071ce7eaf1ec29ef9e553bf930\spring-data-commons-3.4.3.jar;C:\Users\moham\.gradle\caches\modules-2\files-2.1\org.springframework\spring-context\6.2.3\35acadc000b8aaff77e3412dd9acb51aa70c8515\spring-context-6.2.3.jar;C:\Users\moham\.gradle\caches\modules-2\files-2.1\org.springframework\spring-aop\6.2.3\7983418fa64505d144b60826fb1352ad336c60a0\spring-aop-6.2.3.jar;C:\Users\moham\.gradle\caches\modules-2\files-2.1\org.springframework\spring-tx\6.2.3\29c8703a756f9a41bc8e14e2aae7890658c54abf\spring-tx-6.2.3.jar;C:\Users\moham\.gradle\caches\modules-2\files-2.1\org.springframework\spring-beans\6.2.3\de660324c90e9b015886d85c746860478fa7d99c\spring-beans-6.2.3.jar;C:\Users\moham\.gradle\caches\modules-2\files-2.1\org.springframework\spring-expression\6.2.3\bda43c7be1bb69cce2a380c2bbaf05062631d42d\spring-expression-6.2.3.jar;C:\Users\moham\.gradle\caches\modules-2\files-2.1\org.springframework\spring-core\6.2.3\13ec11e345b915d7ceea37446f1b1eefdcaad62c\spring-core-6.2.3.jar;C:\Users\moham\.gradle\caches\modules-2\files-2.1\org.xmlunit\xmlunit-core\2.10.0\1355088731b4ec2107ff7f319f0d7445d916bab\xmlunit-core-2.10.0.jar;C:\Users\moham\.gradle\caches\modules-2\files-2.1\org.springframework.boot\spring-boot-starter-logging\3.4.3\e5aee6af32c2dbcc9fb379bcd6c5e5b931db93f1\spring-boot-starter-logging-3.4.3.jar;C:\Users\moham\.gradle\caches\modules-2\files-2.1\jakarta.annotation\jakarta.annotation-api\2.1.1\48b9bda22b091b1f48b13af03fe36db3be6e1ae3\jakarta.annotation-api-2.1.1.jar;C:\Users\moham\.gradle\caches\modules-2\files-2.1\org.yaml\snakeyaml\2.3\936b36210e27320f920536f695cf1af210c44586\snakeyaml-2.3.jar;C:\Users\moham\.gradle\caches\modules-2\files-2.1\com.zaxxer\HikariCP\5.1.0\8c96e36c14461fc436bb02b264b96ef3ca5dca8c\HikariCP-5.1.0.jar;C:\Users\moham\.gradle\caches\modules-2\files-2.1\jakarta.persistence\jakarta.persistence-api\3.1.0\66901fa1c373c6aff65c13791cc11da72060a8d6\jakarta.persistence-api-3.1.0.jar;C:\Users\moham\.gradle\caches\modules-2\files-2.1\jakarta.transaction\jakarta.transaction-api\2.0.1\51a520e3fae406abb84e2e1148e6746ce3f80a1a\jakarta.transaction-api-2.0.1.jar;C:\Users\moham\.gradle\caches\modules-2\files-2.1\org.jboss.logging\jboss-logging\3.6.1.Final\886afbb445b4016a37c8960a7aef6ebd769ce7e5\jboss-logging-3.6.1.Final.jar;C:\Users\moham\.gradle\caches\modules-2\files-2.1\org.hibernate.common\hibernate-commons-annotations\7.0.3.Final\e183c4be8bb41d12e9f19b374e00c34a0a85f439\hibernate-commons-annotations-7.0.3.Final.jar;C:\Users\moham\.gradle\caches\modules-2\files-2.1\io.smallrye\jandex\3.2.0\f17ad860f62a08487b9edabde608f8ac55c62fa7\jandex-3.2.0.jar;C:\Users\moham\.gradle\caches\modules-2\files-2.1\com.fasterxml\classmate\1.7.0\e98374da1f2143ac8e6e0a95036994bb19137a3\classmate-1.7.0.jar;C:\Users\moham\.gradle\caches\modules-2\files-2.1\net.bytebuddy\byte-buddy\1.15.11\f61886478e0f9ee4c21d09574736f0ff45e0a46c\byte-buddy-1.15.11.jar;C:\Users\moham\.gradle\caches\modules-2\files-2.1\jakarta.inject\jakarta.inject-api\2.0.1\4c28afe1991a941d7702fe1362c365f0a8641d1e\jakarta.inject-api-2.0.1.jar;C:\Users\moham\.gradle\caches\modules-2\files-2.1\org.antlr\antlr4-runtime\4.13.0\5a02e48521624faaf5ff4d99afc88b01686af655\antlr4-runtime-4.13.0.jar;C:\Users\moham\.gradle\caches\modules-2\files-2.1\ch.qos.logback\logback-classic\1.5.16\113979db51dfad6dc895b34460d7b7ff64ffe7d2\logback-classic-1.5.16.jar;C:\Users\moham\.gradle\caches\modules-2\files-2.1\org.apache.logging.log4j\log4j-to-slf4j\2.24.3\da1143e2a2531ee1c2d90baa98eb50a28a39d5a7\log4j-to-slf4j-2.24.3.jar;C:\Users\moham\.gradle\caches\modules-2\files-2.1\org.slf4j\jul-to-slf4j\2.0.16\6d57da3e961daac65bcca0dd3def6cd11e48a24a\jul-to-slf4j-2.0.16.jar;C:\Users\moham\.gradle\caches\modules-2\files-2.1\org.slf4j\slf4j-api\2.0.16\172931663a09a1fa515567af5fbef00897d3c04\slf4j-api-2.0.16.jar;C:\Users\moham\.gradle\caches\modules-2\files-2.1\org.aspectj\aspectjweaver\1.9.22.1\bca243d0af0db4758fbae45c5f4995cb5dabb612\aspectjweaver-1.9.22.1.jar;C:\Users\moham\.gradle\caches\modules-2\files-2.1\com.fasterxml.jackson.datatype\jackson-datatype-jsr310\2.18.2\7b6ff96adf421f4c6edbd694e797dd8fe434510a\jackson-datatype-jsr310-2.18.2.jar;C:\Users\moham\.gradle\caches\modules-2\files-2.1\com.fasterxml.jackson.module\jackson-module-parameter-names\2.18.2\72960cb3277347a748911d100c3302d60e8a616a\jackson-module-parameter-names-2.18.2.jar;C:\Users\moham\.gradle\caches\modules-2\files-2.1\com.fasterxml.jackson.core\jackson-annotations\2.18.2\985d77751ebc7fce5db115a986bc9aa82f973f4a\jackson-annotations-2.18.2.jar;C:\Users\moham\.gradle\caches\modules-2\files-2.1\com.fasterxml.jackson.core\jackson-core\2.18.2\fb64ccac5c27dca8819418eb4e443a9f496d9ee7\jackson-core-2.18.2.jar;C:\Users\moham\.gradle\caches\modules-2\files-2.1\com.fasterxml.jackson.datatype\jackson-datatype-jdk8\2.18.2\9ed6d538ebcc66864e114a7040953dce6ab6ea53\jackson-datatype-jdk8-2.18.2.jar;C:\Users\moham\.gradle\caches\modules-2\files-2.1\com.fasterxml.jackson.core\jackson-databind\2.18.2\deef8697b92141fb6caf7aa86966cff4eec9b04f\jackson-databind-2.18.2.jar;C:\Users\moham\.gradle\caches\modules-2\files-2.1\org.apache.tomcat.embed\tomcat-embed-websocket\10.1.36\222960bc8895aa543e405382094c7fb118544d0d\tomcat-embed-websocket-10.1.36.jar;C:\Users\moham\.gradle\caches\modules-2\files-2.1\org.apache.tomcat.embed\tomcat-embed-core\10.1.36\3ccaa558e32e317e35d6674d65d7d9aa182e082f\tomcat-embed-core-10.1.36.jar;C:\Users\moham\.gradle\caches\modules-2\files-2.1\org.apache.tomcat.embed\tomcat-embed-el\10.1.36\4e4235a18244af30bb32d9b5a9400fb8edb3bc20\tomcat-embed-el-10.1.36.jar;C:\Users\moham\.gradle\caches\modules-2\files-2.1\io.micrometer\micrometer-observation\1.14.4\c17efe9e6695a0a849a95d0e77422516a345e779\micrometer-observation-1.14.4.jar;C:\Users\moham\.gradle\caches\modules-2\files-2.1\org.eclipse.angus\angus-activation\2.0.2\41f1e0ddd157c856926ed149ab837d110955a9fc\angus-activation-2.0.2.jar;C:\Users\moham\.gradle\caches\modules-2\files-2.1\jakarta.activation\jakarta.activation-api\2.1.3\fa165bd70cda600368eee31555222776a46b881f\jakarta.activation-api-2.1.3.jar;C:\Users\moham\.gradle\caches\modules-2\files-2.1\net.minidev\accessors-smart\2.5.2\ce16fd235cfee48e67eda33e684423bba09f7d07\accessors-smart-2.5.2.jar;C:\Users\moham\.gradle\caches\modules-2\files-2.1\net.bytebuddy\byte-buddy-agent\1.15.11\a38b16385e867f59a641330f0362ebe742788ed8\byte-buddy-agent-1.15.11.jar;C:\Users\moham\.gradle\caches\modules-2\files-2.1\org.objenesis\objenesis\3.3\1049c09f1de4331e8193e579448d0916d75b7631\objenesis-3.3.jar;C:\Users\moham\.gradle\caches\modules-2\files-2.1\com.vaadin.external.google\android-json\0.0.20131108.vaadin1\fa26d351fe62a6a17f5cda1287c1c6110dec413f\android-json-0.0.20131108.vaadin1.jar;C:\Users\moham\.gradle\caches\modules-2\files-2.1\org.springframework\spring-jcl\6.2.3\ce8bf55aa240fdeab07b3da1f462c79112a33aff\spring-jcl-6.2.3.jar;C:\Users\moham\.gradle\caches\modules-2\files-2.1\org.opentest4j\opentest4j\1.3.0\152ea56b3a72f655d4fd677fc0ef2596c3dd5e6e\opentest4j-1.3.0.jar;C:\Users\moham\.gradle\caches\modules-2\files-2.1\io.micrometer\micrometer-commons\1.14.4\3664f95586514d8f9adc81a5f7a5ef9f66b65599\micrometer-commons-1.14.4.jar;C:\Users\moham\.gradle\caches\modules-2\files-2.1\org.ow2.asm\asm\9.7.1\f0ed132a49244b042cd0e15702ab9f2ce3cc8436\asm-9.7.1.jar;C:\Users\moham\.gradle\caches\modules-2\files-2.1\ch.qos.logback\logback-core\1.5.16\4f17700f046900aea2fadf115e2d67fec921f7fd\logback-core-1.5.16.jar;C:\Users\moham\.gradle\caches\modules-2\files-2.1\org.apache.logging.log4j\log4j-api\2.24.3\b02c125db8b6d295adf72ae6e71af5d83bce2370\log4j-api-2.24.3.jar;C:\Users\moham\.gradle\caches\modules-2\files-2.1\org.glassfish.jaxb\txw2\4.0.5\f36a4ef12120a9bb06d766d6a0e54b144fd7ed98\txw2-4.0.5.jar;C:\Users\moham\.gradle\caches\modules-2\files-2.1\com.sun.istack\istack-commons-runtime\4.1.2\18ec117c85f3ba0ac65409136afa8e42bc74e739\istack-commons-runtime-4.1.2.jar
Launcher Type: SUN_STANDARD

[Global flags]
     intx CICompilerCount                          = 4                                         {product} {ergonomic}
     uint ConcGCThreads                            = 2                                         {product} {ergonomic}
     uint G1ConcRefinementThreads                  = 8                                         {product} {ergonomic}
   size_t G1HeapRegionSize                         = 1048576                                   {product} {ergonomic}
    uintx GCDrainStackTargetSize                   = 64                                        {product} {ergonomic}
   size_t InitialHeapSize                          = 130023424                                 {product} {ergonomic}
   size_t MarkStackSize                            = 4194304                                   {product} {ergonomic}
   size_t MaxHeapSize                              = 536870912                                 {product} {command line}
   size_t MaxNewSize                               = 321912832                                 {product} {ergonomic}
   size_t MinHeapDeltaBytes                        = 1048576                                   {product} {ergonomic}
   size_t MinHeapSize                              = 8388608                                   {product} {ergonomic}
    uintx NonNMethodCodeHeapSize                   = 5839372                                {pd product} {ergonomic}
    uintx NonProfiledCodeHeapSize                  = 122909434                              {pd product} {ergonomic}
    uintx ProfiledCodeHeapSize                     = 122909434                              {pd product} {ergonomic}
    uintx ReservedCodeCacheSize                    = 251658240                              {pd product} {ergonomic}
     bool SegmentedCodeCache                       = true                                      {product} {ergonomic}
   size_t SoftMaxHeapSize                          = 536870912                              {manageable} {ergonomic}
     bool UseCompressedOops                        = true                           {product lp64_product} {ergonomic}
     bool UseG1GC                                  = true                                      {product} {ergonomic}
     bool UseLargePagesIndividualAllocation        = false                                  {pd product} {ergonomic}

Logging:
Log output configuration:
 #0: stdout all=warning uptime,level,tags foldmultilines=false
 #1: stderr all=off uptime,level,tags foldmultilines=false

Environment Variables:
PATH=C:\Program Files\Eclipse Adoptium\jdk-21.0.6.7-hotspot\bin;C:\Program Files\Oracle Client for Microsoft Tools\;C:\Program Files\Common Files\Oracle\Java\javapath;C:\Program Files (x86)\Common Files\Oracle\Java\javapath;C:\windows\system32;C:\windows;C:\windows\System32\Wbem;C:\windows\System32\WindowsPowerShell\v1.0\;C:\windows\System32\OpenSSH\;C:\Program Files (x86)\NVIDIA Corporation\PhysX\Common;C:\Program Files\Git\cmd;C:\WINDOWS\system32;C:\WINDOWS;C:\WINDOWS\System32\Wbem;C:\WINDOWS\System32\WindowsPowerShell\v1.0\;C:\WINDOWS\System32\OpenSSH\;C:\wamp64\bin\php\php8.2.0;C:\Program Files\nodejs\;C:\Program Files\NVIDIA Corporation\NVIDIA NvDLISR;C:\ProgramData\ComposerSetup\bin;C:\Program Files (x86)\Windows Kits\10\Windows Performance Toolkit\;C:\Program Files\HP\HP One Agent;C:\Program Files\Docker\Docker\resources\bin;C:\Users\moham\mongosh-2.2.11-win32-x64\mongosh-2.2.11-win32-x64\bin;C:\Users\moham\scoop\shims;C:\Users\moham\AppData\Local\Programs\Python\Python311\Scripts\;C:\Users\moham\AppData\Local\Programs\Python\Python311\;C:\Users\moham\AppData\Local\Microsoft\WindowsApps;C:\Users\moham\AppData\Local\Programs\Microsoft VS Code\bin;C:\Program Files\JetBrains\IntelliJ IDEA 2022.3\bin;;C:\Program Files\JetBrains\IntelliJ IDEA Community Edition 2022.3.1\bin;;C:\dart-sdk\bin;C:\Program Files\JetBrains\PyCharm Community Edition 2023.1\bin;;C:\Users\moham\AppData\Roaming\Composer\vendor\bin;C:\Users\moham\AppData\Roaming\npm;C:\Program Files\Oracle\VirtualBox;C:\msys64\mingw64\bin;C:\Program Files (x86)\Windows Kits\10\Debuggers\x64;
USERNAME=moham
OS=Windows_NT
PROCESSOR_IDENTIFIER=Intel64 Family 6 Model 140 Stepping 1, GenuineIntel
TMP=C:\Users\moham\AppData\Local\Temp
TEMP=C:\Users\moham\AppData\Local\Temp




Periodic native trim disabled

---------------  S Y S T E M  ---------------

OS:
 Windows 11 , 64 bit Build 22621 (10.0.22621.4974)
OS uptime: 0 days 8:12 hours

CPU: total 8 (initial active 8) (4 cores per cpu, 2 threads per core) family 6 model 140 stepping 1 microcode 0xac, cx8, cmov, fxsr, ht, mmx, 3dnowpref, sse, sse2, sse3, ssse3, sse4.1, sse4.2, popcnt, lzcnt, tsc, tscinvbit, avx, avx2, aes, erms, clmul, bmi1, bmi2, adx, avx512f, avx512dq, avx512cd, avx512bw, avx512vl, sha, fma, vzeroupper, avx512_vpopcntdq, avx512_vpclmulqdq, avx512_vaes, avx512_vnni, clflush, clflushopt, clwb, avx512_vbmi2, avx512_vbmi, rdtscp, rdpid, fsrm, gfni, avx512_bitalg, f16c, pku, cet_ibt, cet_ss, avx512_ifma
Processor Information for processor 0
  Max Mhz: 2419, Current Mhz: 2419, Mhz Limit: 2419
Processor Information for processor 1
  Max Mhz: 2419, Current Mhz: 2419, Mhz Limit: 2419
Processor Information for processor 2
  Max Mhz: 2419, Current Mhz: 2419, Mhz Limit: 2419
Processor Information for processor 3
  Max Mhz: 2419, Current Mhz: 1209, Mhz Limit: 2419
Processor Information for processor 4
  Max Mhz: 2419, Current Mhz: 2419, Mhz Limit: 2419
Processor Information for processor 5
  Max Mhz: 2419, Current Mhz: 2419, Mhz Limit: 2419
Processor Information for processor 6
  Max Mhz: 2419, Current Mhz: 2419, Mhz Limit: 2419
Processor Information for processor 7
  Max Mhz: 2419, Current Mhz: 2419, Mhz Limit: 2419

Memory: 4k page, system-wide physical 7932M (311M free)
TotalPageFile size 32508M (AvailPageFile size 0M)
current process WorkingSet (physical memory assigned to process): 28M, peak: 28M
current process commit charge ("private bytes"): 195M, peak: 199M

vm_info: OpenJDK 64-Bit Server VM (21.0.6+7-LTS) for windows-amd64 JRE (21.0.6+7-LTS), built on 2025-01-07T23:42:01Z by "Administrator" with MS VC++ 16.10 / 16.11 (VS2019)

END.
